This is pdfTeX, Version 3.141592653-2.6-1.40.25 (TeX Live 2023) (preloaded format=pdflatex 2023.4.21)  23 APR 2023 17:51
entering extended mode
 restricted \write18 enabled.
 %&-line parsing enabled.
**量子搜索算法.tex
(./量子搜索算法.tex
LaTeX2e <2022-11-01> patch level 1
L3 programming layer <2023-04-19>
(d:/software/texlive/texlive/texlive/2023/texmf-dist/tex/latex/amscls/amsart.cl
s
Document Class: amsart 2020/05/29 v2.20.6
\linespacing=\dimen140
\normalparindent=\dimen141
\normaltopskip=\skip48

(d:/software/texlive/texlive/texlive/2023/texmf-dist/tex/latex/amsmath/amsmath.
sty
Package: amsmath 2022/04/08 v2.17n AMS math features
\@mathmargin=\skip49

For additional information on amsmath, use the `?' option.

(d:/software/texlive/texlive/texlive/2023/texmf-dist/tex/latex/amsmath/amstext.
sty
Package: amstext 2021/08/26 v2.01 AMS text

(d:/software/texlive/texlive/texlive/2023/texmf-dist/tex/latex/amsmath/amsgen.s
ty
File: amsgen.sty 1999/11/30 v2.0 generic functions
\@emptytoks=\toks16
\ex@=\dimen142
))
(d:/software/texlive/texlive/texlive/2023/texmf-dist/tex/latex/amsmath/amsbsy.s
ty
Package: amsbsy 1999/11/29 v1.2d Bold Symbols
\pmbraise@=\dimen143
)
(d:/software/texlive/texlive/texlive/2023/texmf-dist/tex/latex/amsmath/amsopn.s
ty
Package: amsopn 2022/04/08 v2.04 operator names
)
\inf@bad=\count185
LaTeX Info: Redefining \frac on input line 234.
\uproot@=\count186
\leftroot@=\count187
LaTeX Info: Redefining \overline on input line 399.
LaTeX Info: Redefining \colon on input line 410.
\classnum@=\count188
\DOTSCASE@=\count189
LaTeX Info: Redefining \ldots on input line 496.
LaTeX Info: Redefining \dots on input line 499.
LaTeX Info: Redefining \cdots on input line 620.
\Mathstrutbox@=\box51
\strutbox@=\box52
LaTeX Info: Redefining \big on input line 722.
LaTeX Info: Redefining \Big on input line 723.
LaTeX Info: Redefining \bigg on input line 724.
LaTeX Info: Redefining \Bigg on input line 725.
\big@size=\dimen144
LaTeX Font Info:    Redeclaring font encoding OML on input line 743.
LaTeX Font Info:    Redeclaring font encoding OMS on input line 744.
\macc@depth=\count190
LaTeX Info: Redefining \bmod on input line 905.
LaTeX Info: Redefining \pmod on input line 910.
LaTeX Info: Redefining \smash on input line 940.
LaTeX Info: Redefining \relbar on input line 970.
LaTeX Info: Redefining \Relbar on input line 971.
\c@MaxMatrixCols=\count191
\dotsspace@=\muskip16
\c@parentequation=\count192
\dspbrk@lvl=\count193
\tag@help=\toks17
\row@=\count194
\column@=\count195
\maxfields@=\count196
\andhelp@=\toks18
\eqnshift@=\dimen145
\alignsep@=\dimen146
\tagshift@=\dimen147
\tagwidth@=\dimen148
\totwidth@=\dimen149
\lineht@=\dimen150
\@envbody=\toks19
\multlinegap=\skip50
\multlinetaggap=\skip51
\mathdisplay@stack=\toks20
LaTeX Info: Redefining \[ on input line 2953.
LaTeX Info: Redefining \] on input line 2954.
)
LaTeX Font Info:    Trying to load font information for U+msa on input line 397
.

(d:/software/texlive/texlive/texlive/2023/texmf-dist/tex/latex/amsfonts/umsa.fd
File: umsa.fd 2013/01/14 v3.01 AMS symbols A
)
(d:/software/texlive/texlive/texlive/2023/texmf-dist/tex/latex/amsfonts/amsfont
s.sty
Package: amsfonts 2013/01/14 v3.01 Basic AMSFonts support
\symAMSa=\mathgroup4
\symAMSb=\mathgroup5
LaTeX Font Info:    Redeclaring math symbol \hbar on input line 98.
LaTeX Font Info:    Overwriting math alphabet `\mathfrak' in version `bold'
(Font)                  U/euf/m/n --> U/euf/b/n on input line 106.
)
\copyins=\insert199
\abstractbox=\box53
\listisep=\skip52
\c@part=\count197
\c@section=\count198
\c@subsection=\count266
\c@subsubsection=\count267
\c@paragraph=\count268
\c@subparagraph=\count269
\c@figure=\count270
\c@table=\count271
\abovecaptionskip=\skip53
\belowcaptionskip=\skip54
\captionindent=\dimen151
\thm@style=\toks21
\thm@bodyfont=\toks22
\thm@headfont=\toks23
\thm@notefont=\toks24
\thm@headpunct=\toks25
\thm@preskip=\skip55
\thm@postskip=\skip56
\thm@headsep=\skip57
\dth@everypar=\toks26
)
(d:/software/texlive/texlive/texlive/2023/texmf-dist/tex/generic/xypic/xypic.st
y (d:/software/texlive/texlive/texlive/2023/texmf-dist/tex/generic/xypic/xy.sty
(d:/software/texlive/texlive/texlive/2023/texmf-dist/tex/generic/xypic/xy.tex
Bootstrap'ing: catcodes, docmode,
(d:/software/texlive/texlive/texlive/2023/texmf-dist/tex/generic/xypic/xyrecat.
tex)
(d:/software/texlive/texlive/texlive/2023/texmf-dist/tex/generic/xypic/xyidioms
.tex)

 Xy-pic version 3.8.9 <2013/10/06>
 Copyright (c) 1991-2013 by Kristoffer H. Rose <krisrose@tug.org> and others
 Xy-pic is free software: see the User's Guide for details.

Loading kernel: messages; fonts; allocations: state,
\X@c=\dimen152
\Y@c=\dimen153
\U@c=\dimen154
\D@c=\dimen155
\L@c=\dimen156
\R@c=\dimen157
\Edge@c=\toks27
\X@p=\dimen158
\Y@p=\dimen159
\U@p=\dimen160
\D@p=\dimen161
\L@p=\dimen162
\R@p=\dimen163
\Edge@p=\toks28
\X@origin=\dimen164
\Y@origin=\dimen165
\X@xbase=\dimen166
\Y@xbase=\dimen167
\X@ybase=\dimen168
\Y@ybase=\dimen169
\X@min=\dimen170
\Y@min=\dimen171
\X@max=\dimen172
\Y@max=\dimen173
\lastobjectbox@=\box54
\zerodotbox@=\box55
\almostz@=\dimen174
 direction,
\d@X=\dimen175
\d@Y=\dimen176
\K@=\count272
\KK@=\count273
\Direction=\count274
\K@dXdY=\dimen177
\K@dYdX=\dimen178
\xyread@=\read2
\xywrite@=\write3
\csp@=\count275
\quotPTK@=\dimen179

utility macros; pictures: \xy, positions,
\swaptoks@@=\toks29
\connectobjectbox@@=\box56
 objects,
\styletoks@=\toks30
 decorations;
kernel objects: directionals, circles, text; options; algorithms: directions,
edges, connections;  Xy-pic loaded)
(d:/software/texlive/texlive/texlive/2023/texmf-dist/tex/generic/iftex/ifpdf.st
y
Package: ifpdf 2019/10/25 v3.4 ifpdf legacy package. Use iftex instead.

(d:/software/texlive/texlive/texlive/2023/texmf-dist/tex/generic/iftex/iftex.st
y
Package: iftex 2022/02/03 v1.0f TeX engine tests
))

LaTeX Warning: You have requested package `xypic',
               but the package provides `xy'.

Package: xy 2013/10/06 Xy-pic version 3.8.9

(d:/software/texlive/texlive/texlive/2023/texmf-dist/tex/generic/xypic/xymatrix
.tex  Xy-pic option: Matrix feature v.3.14
\Row=\count276
\Col=\count277
\queue@=\toks31
\queue@@=\toks32
\qcount@=\count278
\qcount@@=\count279
\matrixsize@=\count280
 loaded)
(d:/software/texlive/texlive/texlive/2023/texmf-dist/tex/generic/xypic/xyframe.
tex  Xy-pic option: Frame and Bracket extension v.3.14 loaded)
(d:/software/texlive/texlive/texlive/2023/texmf-dist/tex/generic/xypic/xyarrow.
tex  Xy-pic option: Arrow and Path feature v.3.9 path, \ar, loaded)
(d:/software/texlive/texlive/texlive/2023/texmf-dist/tex/generic/xypic/xypdf.te
x  Xy-pic option: PDF driver v.1.7
Xy-pic pdf driver: `frame' extension support
(d:/software/texlive/texlive/texlive/2023/texmf-dist/tex/generic/xypic/xypdf-fr
.tex
(d:/software/texlive/texlive/texlive/2023/texmf-dist/tex/generic/xypic/xycurve.
tex  Xy-pic option: Curve and Spline extension v.3.12 curve,
\crv@cnt@=\count281
\crvpts@=\toks33
\splinebox@=\box57
\splineval@=\dimen180
\splinedepth@=\dimen181
\splinetol@=\dimen182
\splinelength@=\dimen183
 circles,
\L@=\dimen184
 loaded)
Xy-pic pdf driver: `curve' extension support
(d:/software/texlive/texlive/texlive/2023/texmf-dist/tex/generic/xypic/xypdf-cu
.tex loaded) loaded) loaded))
(d:/software/texlive/texlive/texlive/2023/texmf-dist/tex/generic/xypic/xyv2.tex
 Xy-pic option: Version 2 Compatibility v.3.8

Xy-pic Warning: `\stop' redefined.

loaded))
(d:/software/texlive/texlive/texlive/2023/texmf-dist/tex/latex/qcircuit/qcircui
t.sty
Package: qcircuit 2018/08/14

(d:/software/texlive/texlive/texlive/2023/texmf-dist/tex/generic/xypic/xy.sty
(d:/software/texlive/texlive/texlive/2023/texmf-dist/tex/generic/xypic/xy.tex
not reloaded)
Package: xy 2013/10/06 Xy-pic version 3.8.9
)
(d:/software/texlive/texlive/texlive/2023/texmf-dist/tex/generic/xypic/xymatrix
.tex  Xy-pic option: Matrix feature v.3.14 not reloaded)
(d:/software/texlive/texlive/texlive/2023/texmf-dist/tex/generic/xypic/xyframe.
tex  Xy-pic option: Frame and Bracket extension v.3.14 not reloaded)
(d:/software/texlive/texlive/texlive/2023/texmf-dist/tex/generic/xypic/xyarrow.
tex  Xy-pic option: Arrow and Path feature v.3.9 not reloaded)
(d:/software/texlive/texlive/texlive/2023/texmf-dist/tex/generic/xypic/xyarc.te
x  Xy-pic option: Circle, Ellipse, Arc feature v.3.8 circles, ellipses,
elliptical arcs, loaded))
(d:/software/texlive/texlive/texlive/2023/texmf-dist/tex/latex/l3backend/l3back
end-pdftex.def
File: l3backend-pdftex.def 2023-04-19 L3 backend support: PDF output (pdfTeX)
\l__color_backend_stack_int=\count282
\l__pdf_internal_box=\box58
) (./量子搜索算法.aux)
\openout1 = `量子搜索算法.aux'.

LaTeX Font Info:    Checking defaults for OML/cmm/m/it on input line 12.
LaTeX Font Info:    ... okay on input line 12.
LaTeX Font Info:    Checking defaults for OMS/cmsy/m/n on input line 12.
LaTeX Font Info:    ... okay on input line 12.
LaTeX Font Info:    Checking defaults for OT1/cmr/m/n on input line 12.
LaTeX Font Info:    ... okay on input line 12.
LaTeX Font Info:    Checking defaults for T1/cmr/m/n on input line 12.
LaTeX Font Info:    ... okay on input line 12.
LaTeX Font Info:    Checking defaults for TS1/cmr/m/n on input line 12.
LaTeX Font Info:    ... okay on input line 12.
LaTeX Font Info:    Checking defaults for OMX/cmex/m/n on input line 12.
LaTeX Font Info:    ... okay on input line 12.
LaTeX Font Info:    Checking defaults for U/cmr/m/n on input line 12.
LaTeX Font Info:    ... okay on input line 12.
LaTeX Font Info:    Trying to load font information for U+msa on input line 12.


(d:/software/texlive/texlive/texlive/2023/texmf-dist/tex/latex/amsfonts/umsa.fd
File: umsa.fd 2013/01/14 v3.01 AMS symbols A
)
LaTeX Font Info:    Trying to load font information for U+msb on input line 12.


(d:/software/texlive/texlive/texlive/2023/texmf-dist/tex/latex/amsfonts/umsb.fd
File: umsb.fd 2013/01/14 v3.01 AMS symbols B
)
Package xypdf Info: Line width: 0.39998pt on input line 12.
 <xymatrix 8x2 768> [1{d:/software/texlive/texlive/texlive/2023/texmf-var/fonts
/map/pdftex/updmap/pdftex.map}] (./量子搜索算法.aux) ) 
Here is how much of TeX's memory you used:
 4685 strings out of 476001
 61267 string characters out of 5780722
 1858068 words of memory out of 5000000
 24976 multiletter control sequences out of 15000+600000
 517959 words of font info for 57 fonts, out of 8000000 for 9000
 1302 hyphenation exceptions out of 8191
 71i,19n,76p,1482b,1047s stack positions out of 10000i,1000n,20000p,200000b,200000s
<d:/software/texliv
e/texlive/texlive/2023/texmf-dist/fonts/type1/public/amsfonts/cm/cmmi10.pfb><d:
/software/texlive/texlive/texlive/2023/texmf-dist/fonts/type1/public/amsfonts/c
m/cmmi7.pfb><d:/software/texlive/texlive/texlive/2023/texmf-dist/fonts/type1/pu
blic/amsfonts/cm/cmr10.pfb><d:/software/texlive/texlive/texlive/2023/texmf-dist
/fonts/type1/public/amsfonts/cm/cmr7.pfb><d:/software/texlive/texlive/texlive/2
023/texmf-dist/fonts/type1/public/amsfonts/cm/cmsy10.pfb><d:/software/texlive/t
exlive/texlive/2023/texmf-dist/fonts/type1/public/amsfonts/cm/cmsy7.pfb>
Output written on 量子搜索算法.pdf (1 page, 50731 bytes).
PDF statistics:
 38 PDF objects out of 1000 (max. 8388607)
 22 compressed objects within 1 object stream
 0 named destinations out of 1000 (max. 500000)
 1 words of extra memory for PDF output out of 10000 (max. 10000000)

